This file contains any messages produced by compilers while
running configure, to aid debugging if configure makes a mistake.

It was created by configure, which was
generated by GNU Autoconf 2.68.  Invocation command line was

  $ ./configure --prefix=/usr --enable-progpath=/usr/bin

## --------- ##
## Platform. ##
## --------- ##

hostname = Mudfap
uname -m = i686
uname -r = 3.5.3-1.fc17.i686
uname -s = Linux
uname -v = #1 SMP Wed Aug 29 19:25:38 UTC 2012

/usr/bin/uname -p = i686
/bin/uname -X     = unknown

/bin/arch              = i686
/usr/bin/arch -k       = unknown
/usr/convex/getsysinfo = unknown
/usr/bin/hostinfo      = unknown
/bin/machine           = unknown
/usr/bin/oslevel       = unknown
/bin/universe          = unknown

PATH: /usr/lib/ccache
PATH: /usr/local/bin
PATH: /usr/bin
PATH: /bin
PATH: /usr/local/sbin
PATH: /usr/sbin
PATH: /home/hkon/.local/bin
PATH: /home/hkon/bin


## ----------- ##
## Core tests. ##
## ----------- ##

configure:2406: checking for a BSD-compatible install
configure:2474: result: /usr/bin/install -c
configure:2485: checking whether build environment is sane
configure:2535: result: yes
configure:2676: checking for a thread-safe mkdir -p
configure:2715: result: /usr/bin/mkdir -p
configure:2728: checking for gawk
configure:2744: found /usr/bin/gawk
configure:2755: result: gawk
configure:2766: checking whether make sets $(MAKE)
configure:2788: result: yes
configure:2947: checking for g++
configure:2963: found /usr/lib/ccache/g++
configure:2974: result: g++
configure:3001: checking for C++ compiler version
configure:3010: g++ --version >&5
g++ (GCC) 4.7.0 20120507 (Red Hat 4.7.0-5)
Copyright (C) 2012 Free Software Foundation, Inc.
This is free software; see the source for copying conditions.  There is NO
warranty; not even for MERCHANTABILITY or FITNESS FOR A PARTICULAR PURPOSE.

configure:3021: $? = 0
configure:3010: g++ -v >&5
Using built-in specs.
COLLECT_GCC=/usr/bin/g++
COLLECT_LTO_WRAPPER=/usr/libexec/gcc/i686-redhat-linux/4.7.0/lto-wrapper
Target: i686-redhat-linux
Configured with: ../configure --prefix=/usr --mandir=/usr/share/man --infodir=/usr/share/info --with-bugurl=http://bugzilla.redhat.com/bugzilla --enable-bootstrap --enable-shared --enable-threads=posix --enable-checking=release --disable-build-with-cxx --disable-build-poststage1-with-cxx --with-system-zlib --enable-__cxa_atexit --disable-libunwind-exceptions --enable-gnu-unique-object --enable-linker-build-id --with-linker-hash-style=gnu --enable-languages=c,c++,objc,obj-c++,java,fortran,ada,go,lto --enable-plugin --enable-initfini-array --enable-java-awt=gtk --disable-dssi --with-java-home=/usr/lib/jvm/java-1.5.0-gcj-1.5.0.0/jre --enable-libgcj-multifile --enable-java-maintainer-mode --with-ecj-jar=/usr/share/java/eclipse-ecj.jar --disable-libjava-multilib --with-ppl --with-cloog --with-tune=generic --with-arch=i686 --build=i686-redhat-linux
Thread model: posix
gcc version 4.7.0 20120507 (Red Hat 4.7.0-5) (GCC) 
configure:3021: $? = 0
configure:3010: g++ -V >&5
g++: error: unrecognized command line option '-V'
g++: fatal error: no input files
compilation terminated.
configure:3021: $? = 4
configure:3010: g++ -qversion >&5
g++: error: unrecognized command line option '-qversion'
g++: fatal error: no input files
compilation terminated.
configure:3021: $? = 4
configure:3041: checking whether the C++ compiler works
configure:3063: g++    conftest.cpp  >&5
configure:3067: $? = 0
configure:3115: result: yes
configure:3118: checking for C++ compiler default output file name
configure:3120: result: a.out
configure:3126: checking for suffix of executables
configure:3133: g++ -o conftest    conftest.cpp  >&5
configure:3137: $? = 0
configure:3159: result: 
configure:3181: checking whether we are cross compiling
configure:3189: g++ -o conftest    conftest.cpp  >&5
configure:3193: $? = 0
configure:3200: ./conftest
configure:3204: $? = 0
configure:3219: result: no
configure:3224: checking for suffix of object files
configure:3246: g++ -c   conftest.cpp >&5
configure:3250: $? = 0
configure:3271: result: o
configure:3275: checking whether we are using the GNU C++ compiler
configure:3294: g++ -c   conftest.cpp >&5
configure:3294: $? = 0
configure:3303: result: yes
configure:3312: checking whether g++ accepts -g
configure:3332: g++ -c -g  conftest.cpp >&5
configure:3332: $? = 0
configure:3373: result: yes
configure:3407: checking for style of include used by make
configure:3435: result: GNU
configure:3461: checking dependency style of g++
configure:3572: result: gcc3
configure:3635: checking for gcc
configure:3651: found /usr/lib/ccache/gcc
configure:3662: result: gcc
configure:3891: checking for C compiler version
configure:3900: gcc --version >&5
gcc (GCC) 4.7.0 20120507 (Red Hat 4.7.0-5)
Copyright (C) 2012 Free Software Foundation, Inc.
This is free software; see the source for copying conditions.  There is NO
warranty; not even for MERCHANTABILITY or FITNESS FOR A PARTICULAR PURPOSE.

configure:3911: $? = 0
configure:3900: gcc -v >&5
Using built-in specs.
COLLECT_GCC=/usr/bin/gcc
COLLECT_LTO_WRAPPER=/usr/libexec/gcc/i686-redhat-linux/4.7.0/lto-wrapper
Target: i686-redhat-linux
Configured with: ../configure --prefix=/usr --mandir=/usr/share/man --infodir=/usr/share/info --with-bugurl=http://bugzilla.redhat.com/bugzilla --enable-bootstrap --enable-shared --enable-threads=posix --enable-checking=release --disable-build-with-cxx --disable-build-poststage1-with-cxx --with-system-zlib --enable-__cxa_atexit --disable-libunwind-exceptions --enable-gnu-unique-object --enable-linker-build-id --with-linker-hash-style=gnu --enable-languages=c,c++,objc,obj-c++,java,fortran,ada,go,lto --enable-plugin --enable-initfini-array --enable-java-awt=gtk --disable-dssi --with-java-home=/usr/lib/jvm/java-1.5.0-gcj-1.5.0.0/jre --enable-libgcj-multifile --enable-java-maintainer-mode --with-ecj-jar=/usr/share/java/eclipse-ecj.jar --disable-libjava-multilib --with-ppl --with-cloog --with-tune=generic --with-arch=i686 --build=i686-redhat-linux
Thread model: posix
gcc version 4.7.0 20120507 (Red Hat 4.7.0-5) (GCC) 
configure:3911: $? = 0
configure:3900: gcc -V >&5
gcc: error: unrecognized command line option '-V'
gcc: fatal error: no input files
compilation terminated.
configure:3911: $? = 4
configure:3900: gcc -qversion >&5
gcc: error: unrecognized command line option '-qversion'
gcc: fatal error: no input files
compilation terminated.
configure:3911: $? = 4
configure:3915: checking whether we are using the GNU C compiler
configure:3934: gcc -c   conftest.c >&5
configure:3934: $? = 0
configure:3943: result: yes
configure:3952: checking whether gcc accepts -g
configure:3972: gcc -c -g  conftest.c >&5
configure:3972: $? = 0
configure:4013: result: yes
configure:4030: checking for gcc option to accept ISO C89
configure:4094: gcc  -c -g -O2  conftest.c >&5
configure:4094: $? = 0
configure:4107: result: none needed
configure:4129: checking dependency style of gcc
configure:4240: result: gcc3
configure:4256: checking whether make sets $(MAKE)
configure:4278: result: yes
configure:4316: checking build system type
configure:4330: result: i686-pc-linux-gnu
configure:4350: checking host system type
configure:4363: result: i686-pc-linux-gnu
configure:4404: checking how to print strings
configure:4431: result: printf
configure:4452: checking for a sed that does not truncate output
configure:4516: result: /usr/bin/sed
configure:4534: checking for grep that handles long lines and -e
configure:4592: result: /usr/bin/grep
configure:4597: checking for egrep
configure:4659: result: /usr/bin/grep -E
configure:4664: checking for fgrep
configure:4726: result: /usr/bin/grep -F
configure:4761: checking for ld used by gcc
configure:4828: result: /usr/bin/ld
configure:4835: checking if the linker (/usr/bin/ld) is GNU ld
configure:4850: result: yes
configure:4862: checking for BSD- or MS-compatible name lister (nm)
configure:4911: result: /usr/bin/nm -B
configure:5041: checking the name lister (/usr/bin/nm -B) interface
configure:5048: gcc -c -g -O2  conftest.c >&5
configure:5051: /usr/bin/nm -B "conftest.o"
configure:5054: output
00000000 B some_variable
configure:5061: result: BSD nm
configure:5064: checking whether ln -s works
configure:5068: result: yes
configure:5076: checking the maximum length of command line arguments
configure:5206: result: 1572864
configure:5223: checking whether the shell understands some XSI constructs
configure:5233: result: yes
configure:5237: checking whether the shell understands "+="
configure:5243: result: yes
configure:5278: checking how to convert i686-pc-linux-gnu file names to i686-pc-linux-gnu format
configure:5318: result: func_convert_file_noop
configure:5325: checking how to convert i686-pc-linux-gnu file names to toolchain format
configure:5345: result: func_convert_file_noop
configure:5352: checking for /usr/bin/ld option to reload object files
configure:5359: result: -r
configure:5433: checking for objdump
configure:5449: found /usr/bin/objdump
configure:5460: result: objdump
configure:5492: checking how to recognize dependent libraries
configure:5694: result: pass_all
configure:5779: checking for dlltool
configure:5809: result: no
configure:5839: checking how to associate runtime and link libraries
configure:5866: result: printf %s\n
configure:5927: checking for ar
configure:5943: found /usr/bin/ar
configure:5954: result: ar
configure:5991: checking for archiver @FILE support
configure:6008: gcc -c -g -O2  conftest.c >&5
configure:6008: $? = 0
configure:6011: ar cru libconftest.a @conftest.lst >&5
configure:6014: $? = 0
configure:6019: ar cru libconftest.a @conftest.lst >&5
ar: conftest.o: No such file or directory
configure:6022: $? = 1
configure:6034: result: @
configure:6092: checking for strip
configure:6108: found /usr/bin/strip
configure:6119: result: strip
configure:6191: checking for ranlib
configure:6207: found /usr/bin/ranlib
configure:6218: result: ranlib
configure:6320: checking command to parse /usr/bin/nm -B output from gcc object
configure:6440: gcc -c -g -O2  conftest.c >&5
configure:6443: $? = 0
configure:6447: /usr/bin/nm -B conftest.o \| sed -n -e 's/^.*[ ]\([ABCDGIRSTW][ABCDGIRSTW]*\)[ ][ ]*\([_A-Za-z][_A-Za-z0-9]*\)$/\1 \2 \2/p' | sed '/ __gnu_lto/d' \> conftest.nm
configure:6450: $? = 0
configure:6516: gcc -o conftest -g -O2   conftest.c conftstm.o >&5
configure:6519: $? = 0
configure:6557: result: ok
configure:6594: checking for sysroot
configure:6624: result: no
configure:6880: checking for mt
configure:6910: result: no
configure:6930: checking if : is a manifest tool
configure:6936: : '-?'
configure:6944: result: no
configure:7586: checking how to run the C preprocessor
configure:7617: gcc -E  conftest.c
configure:7617: $? = 0
configure:7631: gcc -E  conftest.c
conftest.c:12:28: fatal error: ac_nonexistent.h: No such file or directory
compilation terminated.
configure:7631: $? = 1
configure: failed program was:
| /* confdefs.h */
| #define PACKAGE_NAME ""
| #define PACKAGE_TARNAME ""
| #define PACKAGE_VERSION ""
| #define PACKAGE_STRING ""
| #define PACKAGE_BUGREPORT ""
| #define PACKAGE_URL ""
| #define PACKAGE "cngpij"
| #define VERSION "3.00-1"
| #define PROG_PATH "/usr/bin"
| /* end confdefs.h.  */
| #include <ac_nonexistent.h>
configure:7656: result: gcc -E
configure:7676: gcc -E  conftest.c
configure:7676: $? = 0
configure:7690: gcc -E  conftest.c
conftest.c:12:28: fatal error: ac_nonexistent.h: No such file or directory
compilation terminated.
configure:7690: $? = 1
configure: failed program was:
| /* confdefs.h */
| #define PACKAGE_NAME ""
| #define PACKAGE_TARNAME ""
| #define PACKAGE_VERSION ""
| #define PACKAGE_STRING ""
| #define PACKAGE_BUGREPORT ""
| #define PACKAGE_URL ""
| #define PACKAGE "cngpij"
| #define VERSION "3.00-1"
| #define PROG_PATH "/usr/bin"
| /* end confdefs.h.  */
| #include <ac_nonexistent.h>
configure:7719: checking for ANSI C header files
configure:7739: gcc -c -g -O2  conftest.c >&5
configure:7739: $? = 0
configure:7812: gcc -o conftest -g -O2   conftest.c  >&5
configure:7812: $? = 0
configure:7812: ./conftest
configure:7812: $? = 0
configure:7823: result: yes
configure:7836: checking for sys/types.h
configure:7836: gcc -c -g -O2  conftest.c >&5
configure:7836: $? = 0
configure:7836: result: yes
configure:7836: checking for sys/stat.h
configure:7836: gcc -c -g -O2  conftest.c >&5
configure:7836: $? = 0
configure:7836: result: yes
configure:7836: checking for stdlib.h
configure:7836: gcc -c -g -O2  conftest.c >&5
configure:7836: $? = 0
configure:7836: result: yes
configure:7836: checking for string.h
configure:7836: gcc -c -g -O2  conftest.c >&5
configure:7836: $? = 0
configure:7836: result: yes
configure:7836: checking for memory.h
configure:7836: gcc -c -g -O2  conftest.c >&5
configure:7836: $? = 0
configure:7836: result: yes
configure:7836: checking for strings.h
configure:7836: gcc -c -g -O2  conftest.c >&5
configure:7836: $? = 0
configure:7836: result: yes
configure:7836: checking for inttypes.h
configure:7836: gcc -c -g -O2  conftest.c >&5
configure:7836: $? = 0
configure:7836: result: yes
configure:7836: checking for stdint.h
configure:7836: gcc -c -g -O2  conftest.c >&5
configure:7836: $? = 0
configure:7836: result: yes
configure:7836: checking for unistd.h
configure:7836: gcc -c -g -O2  conftest.c >&5
configure:7836: $? = 0
configure:7836: result: yes
configure:7850: checking for dlfcn.h
configure:7850: gcc -c -g -O2  conftest.c >&5
configure:7850: $? = 0
configure:7850: result: yes
configure:8067: checking for objdir
configure:8082: result: .libs
configure:8349: checking if gcc supports -fno-rtti -fno-exceptions
configure:8367: gcc -c -g -O2  -fno-rtti -fno-exceptions conftest.c >&5
cc1: warning: command line option '-fno-rtti' is valid for C++/ObjC++ but not for C [enabled by default]
cc1: warning: command line option '-fno-rtti' is valid for C++/ObjC++ but not for C [enabled by default]
configure:8371: $? = 0
configure:8384: result: no
configure:8711: checking for gcc option to produce PIC
configure:8718: result: -fPIC -DPIC
configure:8726: checking if gcc PIC flag -fPIC -DPIC works
configure:8744: gcc -c -g -O2  -fPIC -DPIC -DPIC conftest.c >&5
configure:8748: $? = 0
configure:8761: result: yes
configure:8790: checking if gcc static flag -static works
configure:8818: result: no
configure:8833: checking if gcc supports -c -o file.o
configure:8854: gcc -c -g -O2  -o out/conftest2.o conftest.c >&5
configure:8858: $? = 0
configure:8880: result: yes
configure:8888: checking if gcc supports -c -o file.o
configure:8935: result: yes
configure:8968: checking whether the gcc linker (/usr/bin/ld) supports shared libraries
configure:10121: result: yes
configure:10158: checking whether -lc should be explicitly linked in
configure:10166: gcc -c -g -O2  conftest.c >&5
configure:10169: $? = 0
configure:10184: gcc -shared  -fPIC -DPIC conftest.o  -v -Wl,-soname -Wl,conftest -o conftest 2\>\&1 \| /usr/bin/grep  -lc  \>/dev/null 2\>\&1
configure:10187: $? = 0
configure:10201: result: no
configure:10361: checking dynamic linker characteristics
configure:10872: gcc -o conftest -g -O2   -Wl,-rpath -Wl,/foo conftest.c  >&5
configure:10872: $? = 0
configure:11098: result: GNU/Linux ld.so
configure:11205: checking how to hardcode library paths into programs
configure:11230: result: immediate
configure:11770: checking whether stripping libraries is possible
configure:11775: result: yes
configure:11810: checking if libtool supports shared libraries
configure:11812: result: yes
configure:11815: checking whether to build shared libraries
configure:11836: result: yes
configure:11839: checking whether to build static libraries
configure:11843: result: yes
configure:11866: checking how to run the C++ preprocessor
configure:11893: g++ -E  conftest.cpp
configure:11893: $? = 0
configure:11907: g++ -E  conftest.cpp
conftest.cpp:24:28: fatal error: ac_nonexistent.h: No such file or directory
compilation terminated.
configure:11907: $? = 1
configure: failed program was:
| /* confdefs.h */
| #define PACKAGE_NAME ""
| #define PACKAGE_TARNAME ""
| #define PACKAGE_VERSION ""
| #define PACKAGE_STRING ""
| #define PACKAGE_BUGREPORT ""
| #define PACKAGE_URL ""
| #define PACKAGE "cngpij"
| #define VERSION "3.00-1"
| #define PROG_PATH "/usr/bin"
| #define STDC_HEADERS 1
| #define HAVE_SYS_TYPES_H 1
| #define HAVE_SYS_STAT_H 1
| #define HAVE_STDLIB_H 1
| #define HAVE_STRING_H 1
| #define HAVE_MEMORY_H 1
| #define HAVE_STRINGS_H 1
| #define HAVE_INTTYPES_H 1
| #define HAVE_STDINT_H 1
| #define HAVE_UNISTD_H 1
| #define HAVE_DLFCN_H 1
| #define LT_OBJDIR ".libs/"
| /* end confdefs.h.  */
| #include <ac_nonexistent.h>
configure:11932: result: g++ -E
configure:11952: g++ -E  conftest.cpp
configure:11952: $? = 0
configure:11966: g++ -E  conftest.cpp
conftest.cpp:24:28: fatal error: ac_nonexistent.h: No such file or directory
compilation terminated.
configure:11966: $? = 1
configure: failed program was:
| /* confdefs.h */
| #define PACKAGE_NAME ""
| #define PACKAGE_TARNAME ""
| #define PACKAGE_VERSION ""
| #define PACKAGE_STRING ""
| #define PACKAGE_BUGREPORT ""
| #define PACKAGE_URL ""
| #define PACKAGE "cngpij"
| #define VERSION "3.00-1"
| #define PROG_PATH "/usr/bin"
| #define STDC_HEADERS 1
| #define HAVE_SYS_TYPES_H 1
| #define HAVE_SYS_STAT_H 1
| #define HAVE_STDLIB_H 1
| #define HAVE_STRING_H 1
| #define HAVE_MEMORY_H 1
| #define HAVE_STRINGS_H 1
| #define HAVE_INTTYPES_H 1
| #define HAVE_STDINT_H 1
| #define HAVE_UNISTD_H 1
| #define HAVE_DLFCN_H 1
| #define LT_OBJDIR ".libs/"
| /* end confdefs.h.  */
| #include <ac_nonexistent.h>
configure:12135: checking for ld used by g++
configure:12202: result: /usr/bin/ld
configure:12209: checking if the linker (/usr/bin/ld) is GNU ld
configure:12224: result: yes
configure:12279: checking whether the g++ linker (/usr/bin/ld) supports shared libraries
configure:13284: result: yes
configure:13320: g++ -c -g -O2  conftest.cpp >&5
configure:13323: $? = 0
configure:13843: checking for g++ option to produce PIC
configure:13850: result: -fPIC -DPIC
configure:13858: checking if g++ PIC flag -fPIC -DPIC works
configure:13876: g++ -c -g -O2  -fPIC -DPIC -DPIC conftest.cpp >&5
configure:13880: $? = 0
configure:13893: result: yes
configure:13916: checking if g++ static flag -static works
configure:13944: result: no
configure:13956: checking if g++ supports -c -o file.o
configure:13977: g++ -c -g -O2  -o out/conftest2.o conftest.cpp >&5
configure:13981: $? = 0
configure:14003: result: yes
configure:14008: checking if g++ supports -c -o file.o
configure:14055: result: yes
configure:14085: checking whether the g++ linker (/usr/bin/ld) supports shared libraries
configure:14121: result: yes
configure:14262: checking dynamic linker characteristics
configure:14933: result: GNU/Linux ld.so
configure:14986: checking how to hardcode library paths into programs
configure:15011: result: immediate
configure:15075: checking for main in -lcups
configure:15094: gcc -o conftest -g -O2   conftest.c -lcups   >&5
configure:15094: $? = 0
configure:15103: result: yes
configure:15115: checking for main in -lparamlist
configure:15134: gcc -o conftest -g -O2   conftest.c -lparamlist  -lcups  >&5
/usr/bin/ld: cannot find -lparamlist
collect2: error: ld returned 1 exit status
configure:15134: $? = 1
configure: failed program was:
| /* confdefs.h */
| #define PACKAGE_NAME ""
| #define PACKAGE_TARNAME ""
| #define PACKAGE_VERSION ""
| #define PACKAGE_STRING ""
| #define PACKAGE_BUGREPORT ""
| #define PACKAGE_URL ""
| #define PACKAGE "cngpij"
| #define VERSION "3.00-1"
| #define PROG_PATH "/usr/bin"
| #define STDC_HEADERS 1
| #define HAVE_SYS_TYPES_H 1
| #define HAVE_SYS_STAT_H 1
| #define HAVE_STDLIB_H 1
| #define HAVE_STRING_H 1
| #define HAVE_MEMORY_H 1
| #define HAVE_STRINGS_H 1
| #define HAVE_INTTYPES_H 1
| #define HAVE_STDINT_H 1
| #define HAVE_UNISTD_H 1
| #define HAVE_DLFCN_H 1
| #define LT_OBJDIR ".libs/"
| #define HAVE_LIBCUPS 1
| /* end confdefs.h.  */
| 
| 
| int
| main ()
| {
| return main ();
|   ;
|   return 0;
| }
configure:15143: result: no
configure:15155: checking for main in -lpopt
configure:15174: gcc -o conftest -g -O2   conftest.c -lpopt  -lcups  >&5
configure:15174: $? = 0
configure:15183: result: yes
configure:15196: checking for ANSI C header files
configure:15300: result: yes
configure:15308: checking for sys/wait.h that is POSIX.1 compatible
configure:15334: gcc -c -g -O2  conftest.c >&5
configure:15334: $? = 0
configure:15341: result: yes
configure:15352: checking arpa/inet.h usability
configure:15352: gcc -c -g -O2  conftest.c >&5
configure:15352: $? = 0
configure:15352: result: yes
configure:15352: checking arpa/inet.h presence
configure:15352: gcc -E  conftest.c
configure:15352: $? = 0
configure:15352: result: yes
configure:15352: checking for arpa/inet.h
configure:15352: result: yes
configure:15352: checking fcntl.h usability
configure:15352: gcc -c -g -O2  conftest.c >&5
configure:15352: $? = 0
configure:15352: result: yes
configure:15352: checking fcntl.h presence
configure:15352: gcc -E  conftest.c
configure:15352: $? = 0
configure:15352: result: yes
configure:15352: checking for fcntl.h
configure:15352: result: yes
configure:15352: checking netdb.h usability
configure:15352: gcc -c -g -O2  conftest.c >&5
configure:15352: $? = 0
configure:15352: result: yes
configure:15352: checking netdb.h presence
configure:15352: gcc -E  conftest.c
configure:15352: $? = 0
configure:15352: result: yes
configure:15352: checking for netdb.h
configure:15352: result: yes
configure:15352: checking netinet/in.h usability
configure:15352: gcc -c -g -O2  conftest.c >&5
configure:15352: $? = 0
configure:15352: result: yes
configure:15352: checking netinet/in.h presence
configure:15352: gcc -E  conftest.c
configure:15352: $? = 0
configure:15352: result: yes
configure:15352: checking for netinet/in.h
configure:15352: result: yes
configure:15352: checking for stdlib.h
configure:15352: result: yes
configure:15352: checking for string.h
configure:15352: result: yes
configure:15352: checking sys/socket.h usability
configure:15352: gcc -c -g -O2  conftest.c >&5
configure:15352: $? = 0
configure:15352: result: yes
configure:15352: checking sys/socket.h presence
configure:15352: gcc -E  conftest.c
configure:15352: $? = 0
configure:15352: result: yes
configure:15352: checking for sys/socket.h
configure:15352: result: yes
configure:15352: checking for unistd.h
configure:15352: result: yes
configure:15364: checking for an ANSI C-conforming const
configure:15429: gcc -c -g -O2  conftest.c >&5
configure:15429: $? = 0
configure:15436: result: yes
configure:15444: checking for size_t
configure:15444: gcc -c -g -O2  conftest.c >&5
configure:15444: $? = 0
configure:15444: gcc -c -g -O2  conftest.c >&5
conftest.c: In function 'main':
conftest.c:72:21: error: expected expression before ')' token
configure:15444: $? = 1
configure: failed program was:
| /* confdefs.h */
| #define PACKAGE_NAME ""
| #define PACKAGE_TARNAME ""
| #define PACKAGE_VERSION ""
| #define PACKAGE_STRING ""
| #define PACKAGE_BUGREPORT ""
| #define PACKAGE_URL ""
| #define PACKAGE "cngpij"
| #define VERSION "3.00-1"
| #define PROG_PATH "/usr/bin"
| #define STDC_HEADERS 1
| #define HAVE_SYS_TYPES_H 1
| #define HAVE_SYS_STAT_H 1
| #define HAVE_STDLIB_H 1
| #define HAVE_STRING_H 1
| #define HAVE_MEMORY_H 1
| #define HAVE_STRINGS_H 1
| #define HAVE_INTTYPES_H 1
| #define HAVE_STDINT_H 1
| #define HAVE_UNISTD_H 1
| #define HAVE_DLFCN_H 1
| #define LT_OBJDIR ".libs/"
| #define HAVE_LIBCUPS 1
| #define HAVE_LIBPOPT 1
| #define STDC_HEADERS 1
| #define HAVE_SYS_WAIT_H 1
| #define HAVE_ARPA_INET_H 1
| #define HAVE_FCNTL_H 1
| #define HAVE_NETDB_H 1
| #define HAVE_NETINET_IN_H 1
| #define HAVE_STDLIB_H 1
| #define HAVE_STRING_H 1
| #define HAVE_SYS_SOCKET_H 1
| #define HAVE_UNISTD_H 1
| /* end confdefs.h.  */
| #include <stdio.h>
| #ifdef HAVE_SYS_TYPES_H
| # include <sys/types.h>
| #endif
| #ifdef HAVE_SYS_STAT_H
| # include <sys/stat.h>
| #endif
| #ifdef STDC_HEADERS
| # include <stdlib.h>
| # include <stddef.h>
| #else
| # ifdef HAVE_STDLIB_H
| #  include <stdlib.h>
| # endif
| #endif
| #ifdef HAVE_STRING_H
| # if !defined STDC_HEADERS && defined HAVE_MEMORY_H
| #  include <memory.h>
| # endif
| # include <string.h>
| #endif
| #ifdef HAVE_STRINGS_H
| # include <strings.h>
| #endif
| #ifdef HAVE_INTTYPES_H
| # include <inttypes.h>
| #endif
| #ifdef HAVE_STDINT_H
| # include <stdint.h>
| #endif
| #ifdef HAVE_UNISTD_H
| # include <unistd.h>
| #endif
| int
| main ()
| {
| if (sizeof ((size_t)))
| 	    return 0;
|   ;
|   return 0;
| }
configure:15444: result: yes
configure:15457: checking for pid_t
configure:15457: gcc -c -g -O2  conftest.c >&5
configure:15457: $? = 0
configure:15457: gcc -c -g -O2  conftest.c >&5
conftest.c: In function 'main':
conftest.c:72:20: error: expected expression before ')' token
configure:15457: $? = 1
configure: failed program was:
| /* confdefs.h */
| #define PACKAGE_NAME ""
| #define PACKAGE_TARNAME ""
| #define PACKAGE_VERSION ""
| #define PACKAGE_STRING ""
| #define PACKAGE_BUGREPORT ""
| #define PACKAGE_URL ""
| #define PACKAGE "cngpij"
| #define VERSION "3.00-1"
| #define PROG_PATH "/usr/bin"
| #define STDC_HEADERS 1
| #define HAVE_SYS_TYPES_H 1
| #define HAVE_SYS_STAT_H 1
| #define HAVE_STDLIB_H 1
| #define HAVE_STRING_H 1
| #define HAVE_MEMORY_H 1
| #define HAVE_STRINGS_H 1
| #define HAVE_INTTYPES_H 1
| #define HAVE_STDINT_H 1
| #define HAVE_UNISTD_H 1
| #define HAVE_DLFCN_H 1
| #define LT_OBJDIR ".libs/"
| #define HAVE_LIBCUPS 1
| #define HAVE_LIBPOPT 1
| #define STDC_HEADERS 1
| #define HAVE_SYS_WAIT_H 1
| #define HAVE_ARPA_INET_H 1
| #define HAVE_FCNTL_H 1
| #define HAVE_NETDB_H 1
| #define HAVE_NETINET_IN_H 1
| #define HAVE_STDLIB_H 1
| #define HAVE_STRING_H 1
| #define HAVE_SYS_SOCKET_H 1
| #define HAVE_UNISTD_H 1
| /* end confdefs.h.  */
| #include <stdio.h>
| #ifdef HAVE_SYS_TYPES_H
| # include <sys/types.h>
| #endif
| #ifdef HAVE_SYS_STAT_H
| # include <sys/stat.h>
| #endif
| #ifdef STDC_HEADERS
| # include <stdlib.h>
| # include <stddef.h>
| #else
| # ifdef HAVE_STDLIB_H
| #  include <stdlib.h>
| # endif
| #endif
| #ifdef HAVE_STRING_H
| # if !defined STDC_HEADERS && defined HAVE_MEMORY_H
| #  include <memory.h>
| # endif
| # include <string.h>
| #endif
| #ifdef HAVE_STRINGS_H
| # include <strings.h>
| #endif
| #ifdef HAVE_INTTYPES_H
| # include <inttypes.h>
| #endif
| #ifdef HAVE_STDINT_H
| # include <stdint.h>
| #endif
| #ifdef HAVE_UNISTD_H
| # include <unistd.h>
| #endif
| int
| main ()
| {
| if (sizeof ((pid_t)))
| 	    return 0;
|   ;
|   return 0;
| }
configure:15457: result: yes
configure:15470: checking vfork.h usability
configure:15470: gcc -c -g -O2  conftest.c >&5
conftest.c:69:19: fatal error: vfork.h: No such file or directory
compilation terminated.
configure:15470: $? = 1
configure: failed program was:
| /* confdefs.h */
| #define PACKAGE_NAME ""
| #define PACKAGE_TARNAME ""
| #define PACKAGE_VERSION ""
| #define PACKAGE_STRING ""
| #define PACKAGE_BUGREPORT ""
| #define PACKAGE_URL ""
| #define PACKAGE "cngpij"
| #define VERSION "3.00-1"
| #define PROG_PATH "/usr/bin"
| #define STDC_HEADERS 1
| #define HAVE_SYS_TYPES_H 1
| #define HAVE_SYS_STAT_H 1
| #define HAVE_STDLIB_H 1
| #define HAVE_STRING_H 1
| #define HAVE_MEMORY_H 1
| #define HAVE_STRINGS_H 1
| #define HAVE_INTTYPES_H 1
| #define HAVE_STDINT_H 1
| #define HAVE_UNISTD_H 1
| #define HAVE_DLFCN_H 1
| #define LT_OBJDIR ".libs/"
| #define HAVE_LIBCUPS 1
| #define HAVE_LIBPOPT 1
| #define STDC_HEADERS 1
| #define HAVE_SYS_WAIT_H 1
| #define HAVE_ARPA_INET_H 1
| #define HAVE_FCNTL_H 1
| #define HAVE_NETDB_H 1
| #define HAVE_NETINET_IN_H 1
| #define HAVE_STDLIB_H 1
| #define HAVE_STRING_H 1
| #define HAVE_SYS_SOCKET_H 1
| #define HAVE_UNISTD_H 1
| /* end confdefs.h.  */
| #include <stdio.h>
| #ifdef HAVE_SYS_TYPES_H
| # include <sys/types.h>
| #endif
| #ifdef HAVE_SYS_STAT_H
| # include <sys/stat.h>
| #endif
| #ifdef STDC_HEADERS
| # include <stdlib.h>
| # include <stddef.h>
| #else
| # ifdef HAVE_STDLIB_H
| #  include <stdlib.h>
| # endif
| #endif
| #ifdef HAVE_STRING_H
| # if !defined STDC_HEADERS && defined HAVE_MEMORY_H
| #  include <memory.h>
| # endif
| # include <string.h>
| #endif
| #ifdef HAVE_STRINGS_H
| # include <strings.h>
| #endif
| #ifdef HAVE_INTTYPES_H
| # include <inttypes.h>
| #endif
| #ifdef HAVE_STDINT_H
| # include <stdint.h>
| #endif
| #ifdef HAVE_UNISTD_H
| # include <unistd.h>
| #endif
| #include <vfork.h>
configure:15470: result: no
configure:15470: checking vfork.h presence
configure:15470: gcc -E  conftest.c
conftest.c:36:19: fatal error: vfork.h: No such file or directory
compilation terminated.
configure:15470: $? = 1
configure: failed program was:
| /* confdefs.h */
| #define PACKAGE_NAME ""
| #define PACKAGE_TARNAME ""
| #define PACKAGE_VERSION ""
| #define PACKAGE_STRING ""
| #define PACKAGE_BUGREPORT ""
| #define PACKAGE_URL ""
| #define PACKAGE "cngpij"
| #define VERSION "3.00-1"
| #define PROG_PATH "/usr/bin"
| #define STDC_HEADERS 1
| #define HAVE_SYS_TYPES_H 1
| #define HAVE_SYS_STAT_H 1
| #define HAVE_STDLIB_H 1
| #define HAVE_STRING_H 1
| #define HAVE_MEMORY_H 1
| #define HAVE_STRINGS_H 1
| #define HAVE_INTTYPES_H 1
| #define HAVE_STDINT_H 1
| #define HAVE_UNISTD_H 1
| #define HAVE_DLFCN_H 1
| #define LT_OBJDIR ".libs/"
| #define HAVE_LIBCUPS 1
| #define HAVE_LIBPOPT 1
| #define STDC_HEADERS 1
| #define HAVE_SYS_WAIT_H 1
| #define HAVE_ARPA_INET_H 1
| #define HAVE_FCNTL_H 1
| #define HAVE_NETDB_H 1
| #define HAVE_NETINET_IN_H 1
| #define HAVE_STDLIB_H 1
| #define HAVE_STRING_H 1
| #define HAVE_SYS_SOCKET_H 1
| #define HAVE_UNISTD_H 1
| /* end confdefs.h.  */
| #include <vfork.h>
configure:15470: result: no
configure:15470: checking for vfork.h
configure:15470: result: no
configure:15483: checking for fork
configure:15483: gcc -o conftest -g -O2   conftest.c -lpopt -lcups  >&5
conftest.c:59:6: warning: conflicting types for built-in function 'fork' [enabled by default]
configure:15483: $? = 0
configure:15483: result: yes
configure:15483: checking for vfork
configure:15483: gcc -o conftest -g -O2   conftest.c -lpopt -lcups  >&5
configure:15483: $? = 0
configure:15483: result: yes
configure:15493: checking for working fork
configure:15515: gcc -o conftest -g -O2   conftest.c -lpopt -lcups  >&5
configure:15515: $? = 0
configure:15515: ./conftest
configure:15515: $? = 0
configure:15525: result: yes
configure:15546: checking for working vfork
configure:15656: result: yes
configure:15683: checking for stdlib.h
configure:15683: result: yes
configure:15693: checking for GNU libc compatible malloc
configure:15717: gcc -o conftest -g -O2   conftest.c -lpopt -lcups  >&5
configure:15717: $? = 0
configure:15717: ./conftest
configure:15717: $? = 0
configure:15727: result: yes
configure:15751: checking for memset
configure:15751: gcc -o conftest -g -O2   conftest.c -lpopt -lcups  >&5
conftest.c:65:6: warning: conflicting types for built-in function 'memset' [enabled by default]
configure:15751: $? = 0
configure:15751: result: yes
configure:15751: checking for socket
configure:15751: gcc -o conftest -g -O2   conftest.c -lpopt -lcups  >&5
configure:15751: $? = 0
configure:15751: result: yes
configure:15751: checking for strdup
configure:15751: gcc -o conftest -g -O2   conftest.c -lpopt -lcups  >&5
conftest.c:67:6: warning: conflicting types for built-in function 'strdup' [enabled by default]
configure:15751: $? = 0
configure:15751: result: yes
configure:15751: checking for strrchr
configure:15751: gcc -o conftest -g -O2   conftest.c -lpopt -lcups  >&5
conftest.c:68:6: warning: conflicting types for built-in function 'strrchr' [enabled by default]
configure:15751: $? = 0
configure:15751: result: yes
configure:15899: creating ./config.status

## ---------------------- ##
## Running config.status. ##
## ---------------------- ##

This file was extended by config.status, which was
generated by GNU Autoconf 2.68.  Invocation command line was

  CONFIG_FILES    = 
  CONFIG_HEADERS  = 
  CONFIG_LINKS    = 
  CONFIG_COMMANDS = 
  $ ./config.status 

on Mudfap

config.status:1176: creating Makefile
config.status:1176: creating cngpij/Makefile
config.status:1176: creating config.h
config.status:1405: executing depfiles commands
config.status:1405: executing libtool commands

## ---------------- ##
## Cache variables. ##
## ---------------- ##

ac_cv_build=i686-pc-linux-gnu
ac_cv_c_compiler_gnu=yes
ac_cv_c_const=yes
ac_cv_cxx_compiler_gnu=yes
ac_cv_env_CCC_set=
ac_cv_env_CCC_value=
ac_cv_env_CC_set=
ac_cv_env_CC_value=
ac_cv_env_CFLAGS_set=
ac_cv_env_CFLAGS_value=
ac_cv_env_CPPFLAGS_set=
ac_cv_env_CPPFLAGS_value=
ac_cv_env_CPP_set=
ac_cv_env_CPP_value=
ac_cv_env_CXXCPP_set=
ac_cv_env_CXXCPP_value=
ac_cv_env_CXXFLAGS_set=
ac_cv_env_CXXFLAGS_value=
ac_cv_env_CXX_set=
ac_cv_env_CXX_value=
ac_cv_env_LDFLAGS_set=
ac_cv_env_LDFLAGS_value=
ac_cv_env_LIBS_set=
ac_cv_env_LIBS_value=
ac_cv_env_build_alias_set=
ac_cv_env_build_alias_value=
ac_cv_env_host_alias_set=
ac_cv_env_host_alias_value=
ac_cv_env_target_alias_set=
ac_cv_env_target_alias_value=
ac_cv_func_fork=yes
ac_cv_func_fork_works=yes
ac_cv_func_malloc_0_nonnull=yes
ac_cv_func_memset=yes
ac_cv_func_socket=yes
ac_cv_func_strdup=yes
ac_cv_func_strrchr=yes
ac_cv_func_vfork=yes
ac_cv_func_vfork_works=yes
ac_cv_header_arpa_inet_h=yes
ac_cv_header_dlfcn_h=yes
ac_cv_header_fcntl_h=yes
ac_cv_header_inttypes_h=yes
ac_cv_header_memory_h=yes
ac_cv_header_netdb_h=yes
ac_cv_header_netinet_in_h=yes
ac_cv_header_stdc=yes
ac_cv_header_stdint_h=yes
ac_cv_header_stdlib_h=yes
ac_cv_header_string_h=yes
ac_cv_header_strings_h=yes
ac_cv_header_sys_socket_h=yes
ac_cv_header_sys_stat_h=yes
ac_cv_header_sys_types_h=yes
ac_cv_header_sys_wait_h=yes
ac_cv_header_unistd_h=yes
ac_cv_header_vfork_h=no
ac_cv_host=i686-pc-linux-gnu
ac_cv_lib_cups_main=yes
ac_cv_lib_paramlist_main=no
ac_cv_lib_popt_main=yes
ac_cv_objext=o
ac_cv_path_EGREP='/usr/bin/grep -E'
ac_cv_path_FGREP='/usr/bin/grep -F'
ac_cv_path_GREP=/usr/bin/grep
ac_cv_path_SED=/usr/bin/sed
ac_cv_path_install='/usr/bin/install -c'
ac_cv_path_mkdir=/usr/bin/mkdir
ac_cv_prog_AWK=gawk
ac_cv_prog_CPP='gcc -E'
ac_cv_prog_CXXCPP='g++ -E'
ac_cv_prog_ac_ct_AR=ar
ac_cv_prog_ac_ct_CC=gcc
ac_cv_prog_ac_ct_CXX=g++
ac_cv_prog_ac_ct_OBJDUMP=objdump
ac_cv_prog_ac_ct_RANLIB=ranlib
ac_cv_prog_ac_ct_STRIP=strip
ac_cv_prog_cc_c89=
ac_cv_prog_cc_g=yes
ac_cv_prog_cxx_g=yes
ac_cv_prog_make_make_set=yes
ac_cv_type_pid_t=yes
ac_cv_type_size_t=yes
am_cv_CC_dependencies_compiler_type=gcc3
am_cv_CXX_dependencies_compiler_type=gcc3
lt_cv_ar_at_file=@
lt_cv_archive_cmds_need_lc=no
lt_cv_deplibs_check_method=pass_all
lt_cv_file_magic_cmd='$MAGIC_CMD'
lt_cv_file_magic_test_file=
lt_cv_ld_reload_flag=-r
lt_cv_nm_interface='BSD nm'
lt_cv_objdir=.libs
lt_cv_path_LD=/usr/bin/ld
lt_cv_path_LDCXX=/usr/bin/ld
lt_cv_path_NM='/usr/bin/nm -B'
lt_cv_path_mainfest_tool=no
lt_cv_prog_compiler_c_o=yes
lt_cv_prog_compiler_c_o_CXX=yes
lt_cv_prog_compiler_pic='-fPIC -DPIC'
lt_cv_prog_compiler_pic_CXX='-fPIC -DPIC'
lt_cv_prog_compiler_pic_works=yes
lt_cv_prog_compiler_pic_works_CXX=yes
lt_cv_prog_compiler_rtti_exceptions=no
lt_cv_prog_compiler_static_works=no
lt_cv_prog_compiler_static_works_CXX=no
lt_cv_prog_gnu_ld=yes
lt_cv_prog_gnu_ldcxx=yes
lt_cv_sharedlib_from_linklib_cmd='printf %s\n'
lt_cv_shlibpath_overrides_runpath=no
lt_cv_sys_global_symbol_pipe='sed -n -e '\''s/^.*[	 ]\([ABCDGIRSTW][ABCDGIRSTW]*\)[	 ][	 ]*\([_A-Za-z][_A-Za-z0-9]*\)$/\1 \2 \2/p'\'' | sed '\''/ __gnu_lto/d'\'''
lt_cv_sys_global_symbol_to_c_name_address='sed -n -e '\''s/^: \([^ ]*\)[ ]*$/  {\"\1\", (void *) 0},/p'\'' -e '\''s/^[ABCDGIRSTW]* \([^ ]*\) \([^ ]*\)$/  {"\2", (void *) \&\2},/p'\'''
lt_cv_sys_global_symbol_to_c_name_address_lib_prefix='sed -n -e '\''s/^: \([^ ]*\)[ ]*$/  {\"\1\", (void *) 0},/p'\'' -e '\''s/^[ABCDGIRSTW]* \([^ ]*\) \(lib[^ ]*\)$/  {"\2", (void *) \&\2},/p'\'' -e '\''s/^[ABCDGIRSTW]* \([^ ]*\) \([^ ]*\)$/  {"lib\2", (void *) \&\2},/p'\'''
lt_cv_sys_global_symbol_to_cdecl='sed -n -e '\''s/^T .* \(.*\)$/extern int \1();/p'\'' -e '\''s/^[ABCDGIRSTW]* .* \(.*\)$/extern char \1;/p'\'''
lt_cv_sys_max_cmd_len=1572864
lt_cv_to_host_file_cmd=func_convert_file_noop
lt_cv_to_tool_file_cmd=func_convert_file_noop

## ----------------- ##
## Output variables. ##
## ----------------- ##

ACLOCAL='${SHELL} /home/makerpm/rpmbuild/BUILD/cnijfilter-mp620-3.00/cnijfilter-common-3.00/cngpij/missing --run aclocal-1.11'
AMDEPBACKSLASH='\'
AMDEP_FALSE='#'
AMDEP_TRUE=''
AMTAR='$${TAR-tar}'
AR='ar'
AUTOCONF='${SHELL} /home/makerpm/rpmbuild/BUILD/cnijfilter-mp620-3.00/cnijfilter-common-3.00/cngpij/missing --run autoconf'
AUTOHEADER='${SHELL} /home/makerpm/rpmbuild/BUILD/cnijfilter-mp620-3.00/cnijfilter-common-3.00/cngpij/missing --run autoheader'
AUTOMAKE='${SHELL} /home/makerpm/rpmbuild/BUILD/cnijfilter-mp620-3.00/cnijfilter-common-3.00/cngpij/missing --run automake-1.11'
AWK='gawk'
CC='gcc'
CCDEPMODE='depmode=gcc3'
CFLAGS='-O2'
CPP='gcc -E'
CPPFLAGS=''
CXX='g++'
CXXCPP='g++ -E'
CXXDEPMODE='depmode=gcc3'
CXXFLAGS='-g -O2'
CYGPATH_W='echo'
DEFS='-DHAVE_CONFIG_H'
DEPDIR='.deps'
DLLTOOL='false'
DSYMUTIL=''
DUMPBIN=''
ECHO_C=''
ECHO_N='-n'
ECHO_T=''
EGREP='/usr/bin/grep -E'
EXEEXT=''
FGREP='/usr/bin/grep -F'
GREP='/usr/bin/grep'
INSTALL_DATA='${INSTALL} -m 644'
INSTALL_PROGRAM='${INSTALL}'
INSTALL_SCRIPT='${INSTALL}'
INSTALL_STRIP_PROGRAM='$(install_sh) -c -s'
LD='/usr/bin/ld'
LDFLAGS=''
LIBOBJS=''
LIBS='-lpopt -lcups '
LIBTOOL='$(SHELL) $(top_builddir)/libtool'
LIPO=''
LN_S='ln -s'
LTLIBOBJS=''
MAKEINFO='${SHELL} /home/makerpm/rpmbuild/BUILD/cnijfilter-mp620-3.00/cnijfilter-common-3.00/cngpij/missing --run makeinfo'
MANIFEST_TOOL=':'
MKDIR_P='/usr/bin/mkdir -p'
NM='/usr/bin/nm -B'
NMEDIT=''
OBJDUMP='objdump'
OBJEXT='o'
OTOOL64=''
OTOOL=''
PACKAGE='cngpij'
PACKAGE_BUGREPORT=''
PACKAGE_NAME=''
PACKAGE_STRING=''
PACKAGE_TARNAME=''
PACKAGE_URL=''
PACKAGE_VERSION=''
PATH_SEPARATOR=':'
PROG_PATH=''
RANLIB='ranlib'
SED='/usr/bin/sed'
SET_MAKE=''
SHELL='/bin/sh'
STRIP='strip'
VERSION='3.00-1'
ac_ct_AR='ar'
ac_ct_CC='gcc'
ac_ct_CXX='g++'
ac_ct_DUMPBIN=''
am__EXEEXT_FALSE=''
am__EXEEXT_TRUE='#'
am__fastdepCC_FALSE='#'
am__fastdepCC_TRUE=''
am__fastdepCXX_FALSE='#'
am__fastdepCXX_TRUE=''
am__include='include'
am__isrc=''
am__leading_dot='.'
am__nodep='_no'
am__quote=''
am__tar='$${TAR-tar} chof - "$$tardir"'
am__untar='$${TAR-tar} xf -'
bindir='${exec_prefix}/bin'
build='i686-pc-linux-gnu'
build_alias=''
build_cpu='i686'
build_os='linux-gnu'
build_vendor='pc'
datadir='${datarootdir}'
datarootdir='${prefix}/share'
docdir='${datarootdir}/doc/${PACKAGE}'
dvidir='${docdir}'
exec_prefix='${prefix}'
host='i686-pc-linux-gnu'
host_alias=''
host_cpu='i686'
host_os='linux-gnu'
host_vendor='pc'
htmldir='${docdir}'
includedir='${prefix}/include'
infodir='${datarootdir}/info'
install_sh='${SHELL} /home/makerpm/rpmbuild/BUILD/cnijfilter-mp620-3.00/cnijfilter-common-3.00/cngpij/install-sh'
libdir='${exec_prefix}/lib'
libexecdir='${exec_prefix}/libexec'
localedir='${datarootdir}/locale'
localstatedir='${prefix}/var'
mandir='${datarootdir}/man'
mkdir_p='/usr/bin/mkdir -p'
oldincludedir='/usr/include'
pdfdir='${docdir}'
prefix='/usr'
program_transform_name='s,x,x,'
psdir='${docdir}'
sbindir='${exec_prefix}/sbin'
sharedstatedir='${prefix}/com'
sysconfdir='${prefix}/etc'
target_alias=''

## ----------- ##
## confdefs.h. ##
## ----------- ##

/* confdefs.h */
#define PACKAGE_NAME ""
#define PACKAGE_TARNAME ""
#define PACKAGE_VERSION ""
#define PACKAGE_STRING ""
#define PACKAGE_BUGREPORT ""
#define PACKAGE_URL ""
#define PACKAGE "cngpij"
#define VERSION "3.00-1"
#define PROG_PATH "/usr/bin"
#define STDC_HEADERS 1
#define HAVE_SYS_TYPES_H 1
#define HAVE_SYS_STAT_H 1
#define HAVE_STDLIB_H 1
#define HAVE_STRING_H 1
#define HAVE_MEMORY_H 1
#define HAVE_STRINGS_H 1
#define HAVE_INTTYPES_H 1
#define HAVE_STDINT_H 1
#define HAVE_UNISTD_H 1
#define HAVE_DLFCN_H 1
#define LT_OBJDIR ".libs/"
#define HAVE_LIBCUPS 1
#define HAVE_LIBPOPT 1
#define STDC_HEADERS 1
#define HAVE_SYS_WAIT_H 1
#define HAVE_ARPA_INET_H 1
#define HAVE_FCNTL_H 1
#define HAVE_NETDB_H 1
#define HAVE_NETINET_IN_H 1
#define HAVE_STDLIB_H 1
#define HAVE_STRING_H 1
#define HAVE_SYS_SOCKET_H 1
#define HAVE_UNISTD_H 1
#define HAVE_FORK 1
#define HAVE_VFORK 1
#define HAVE_WORKING_VFORK 1
#define HAVE_WORKING_FORK 1
#define HAVE_STDLIB_H 1
#define HAVE_MALLOC 1
#define HAVE_MEMSET 1
#define HAVE_SOCKET 1
#define HAVE_STRDUP 1
#define HAVE_STRRCHR 1

configure: exit 0
